<?xml version="1.0" encoding="UTF-8"?>
<!-- Generated by org.testng.reporters.JUnitXMLReporter -->
<testsuite ignored="2" hostname="DESKTOP-DB2JUPE" failures="0" tests="1" name="Default test" time="12.585" errors="0" timestamp="2022-12-25T08:49:26 IST">
  <testcase classname="com.retirement.testCases.TestCalculator" name="test3" time="11.422"/>
  <testcase classname="com.retirement.testCases.TestCalculator" name="testCalculator" time="0.0">
    <ignored/>
  </testcase> <!-- testCalculator -->
  <testcase classname="com.retirement.testCases.TestCalculator" name="test2" time="0.0">
    <ignored/>
  </testcase> <!-- test2 -->
</testsuite> <!-- Default test -->
