<?xml version="1.0" encoding="UTF-8"?>
<testng-results ignored="2" total="3" passed="1" failed="0" skipped="0">
  <reporter-output>
  </reporter-output>
  <suite started-at="2022-12-25T08:49:14 IST" name="Default suite" finished-at="2022-12-25T08:49:26 IST" duration-ms="12585">
    <groups>
    </groups>
    <test started-at="2022-12-25T08:49:14 IST" name="Default test" finished-at="2022-12-25T08:49:26 IST" duration-ms="12585">
      <class name="com.retirement.testCases.TestCalculator">
        <test-method is-config="true" signature="setUpSuite()[pri:0, instance:com.retirement.testCases.TestCalculator@72d1ad2e]" started-at="2022-12-25T08:48:54 IST" name="setUpSuite" finished-at="2022-12-25T08:49:14 IST" duration-ms="19748" status="PASS">
          <reporter-output>
          </reporter-output>
        </test-method> <!-- setUpSuite -->
        <test-method is-config="true" signature="setup()[pri:0, instance:com.retirement.testCases.TestCalculator@72d1ad2e]" started-at="2022-12-25T08:49:14 IST" name="setup" finished-at="2022-12-25T08:49:14 IST" duration-ms="46" status="PASS">
          <reporter-output>
          </reporter-output>
        </test-method> <!-- setup -->
        <test-method signature="test3()[pri:0, instance:com.retirement.testCases.TestCalculator@72d1ad2e]" started-at="2022-12-25T08:49:14 IST" name="test3" finished-at="2022-12-25T08:49:25 IST" duration-ms="11422" status="PASS">
          <reporter-output>
          </reporter-output>
        </test-method> <!-- test3 -->
        <test-method is-config="true" signature="tearDownMethod(org.testng.ITestResult)[pri:0, instance:com.retirement.testCases.TestCalculator@72d1ad2e]" started-at="2022-12-25T08:49:25 IST" name="tearDownMethod" finished-at="2022-12-25T08:49:26 IST" duration-ms="818" status="PASS">
          <params>
            <param index="0">
              <value>
                <![CDATA[[TestResult name=test3 status=SUCCESS method=TestCalculator.test3()[pri:0, instance:com.retirement.testCases.TestCalculator@72d1ad2e] output={null}]]]>
              </value>
            </param>
          </params>
          <reporter-output>
          </reporter-output>
        </test-method> <!-- tearDownMethod -->
        <test-method is-config="true" signature="teardown()[pri:0, instance:com.retirement.testCases.TestCalculator@72d1ad2e]" started-at="2022-12-25T08:49:26 IST" name="teardown" finished-at="2022-12-25T08:49:26 IST" duration-ms="218" status="PASS">
          <reporter-output>
          </reporter-output>
        </test-method> <!-- teardown -->
      </class> <!-- com.retirement.testCases.TestCalculator -->
    </test> <!-- Default test -->
  </suite> <!-- Default suite -->
</testng-results>
